[2026-01-13 16:21:00] [INFO] Attempting to send booking_notification to 6228130917203
[2026-01-13 16:21:00] [INFO] SIMULATION MODE: booking_notification to 6228130917203
[2026-01-13 16:21:00] [INFO] Message content: 🎉 *BOOKING CONFIRMED - PIERCEFLOW*

Halo *Dzaky*! 👋

Booking Anda telah berhasil dikonfirmasi:...
[2026-01-13 16:21:00] [INFO] Attempting to send admin_alert to 6281234567890
[2026-01-13 16:21:00] [INFO] SIMULATION MODE: admin_alert to 6281234567890
[2026-01-13 16:21:00] [INFO] Message content: 🔔 *BOOKING BARU MASUK!*

📋 *Detail Booking:*
🆔 ID: #1
👤 Customer: Dzaky
📱 Phone: 0281...
[2026-01-13 17:16:38] [INFO] Attempting to send booking_notification to 6228130917203
[2026-01-13 17:16:38] [INFO] SIMULATION MODE: booking_notification to 6228130917203
[2026-01-13 17:16:38] [INFO] Message content: 🎉 *BOOKING CONFIRMED - PIERCEFLOW*

Halo *Dzaky*! 👋

Booking Anda telah berhasil dikonfirmasi:...
[2026-01-13 17:16:38] [INFO] Attempting to send admin_alert to 6281234567890
[2026-01-13 17:16:38] [INFO] SIMULATION MODE: admin_alert to 6281234567890
[2026-01-13 17:16:38] [INFO] Message content: 🔔 *BOOKING BARU MASUK!*

📋 *Detail Booking:*
🆔 ID: #2
👤 Customer: Dzaky
📱 Phone: 0281...
[2026-01-13 17:19:03] [INFO] Attempting to send booking_notification to 6228130917203
[2026-01-13 17:19:03] [INFO] SIMULATION MODE: booking_notification to 6228130917203
[2026-01-13 17:19:03] [INFO] Message content: 🎉 *BOOKING CONFIRMED - PIERCEFLOW*

Halo *Dzaky*! 👋

Booking Anda telah berhasil dikonfirmasi:...
[2026-01-13 17:19:03] [INFO] Attempting to send admin_alert to 6281234567890
[2026-01-13 17:19:03] [INFO] SIMULATION MODE: admin_alert to 6281234567890
[2026-01-13 17:19:03] [INFO] Message content: 🔔 *BOOKING BARU MASUK!*

📋 *Detail Booking:*
🆔 ID: #3
👤 Customer: Dzaky
📱 Phone: 0281...
[2026-01-13 19:08:03] [INFO] Attempting to send booking_notification to 6228130917203
[2026-01-13 19:08:03] [INFO] SIMULATION MODE: booking_notification to 6228130917203
[2026-01-13 19:08:03] [INFO] Message content: 🎉 *BOOKING CONFIRMED - PIERCEFLOW*

Halo *Dzaky*! 👋

Booking Anda telah berhasil dikonfirmasi:...
[2026-01-13 19:08:03] [INFO] Attempting to send admin_alert to 6281234567890
[2026-01-13 19:08:03] [INFO] SIMULATION MODE: admin_alert to 6281234567890
[2026-01-13 19:08:03] [INFO] Message content: 🔔 *BOOKING BARU MASUK!*

📋 *Detail Booking:*
🆔 ID: #4
👤 Customer: Dzaky
📱 Phone: 0281...
[2026-01-13 19:45:27] [INFO] Attempting to send booking_notification to 6228130917203
[2026-01-13 19:45:27] [INFO] SIMULATION MODE: booking_notification to 6228130917203
[2026-01-13 19:45:27] [INFO] Message content: 🎉 *BOOKING CONFIRMED - PIERCEFLOW*

Halo *Dzaky*! 👋

Booking Anda telah berhasil dikonfirmasi:...
[2026-01-13 19:45:27] [INFO] Attempting to send admin_alert to 6281234567890
[2026-01-13 19:45:27] [INFO] SIMULATION MODE: admin_alert to 6281234567890
[2026-01-13 19:45:27] [INFO] Message content: 🔔 *BOOKING BARU MASUK!*

📋 *Detail Booking:*
🆔 ID: #5
👤 Customer: Dzaky
📱 Phone: 0281...
[2026-01-13 20:47:53] [INFO] Attempting to send booking_notification to 6228130917203
[2026-01-13 20:47:53] [INFO] SIMULATION MODE: booking_notification to 6228130917203
[2026-01-13 20:47:53] [INFO] Message content: 🎉 *BOOKING CONFIRMED - PIERCEFLOW*

Halo *Dzaky*! 👋

Booking Anda telah berhasil dikonfirmasi:...
[2026-01-13 20:47:53] [INFO] Attempting to send admin_alert to 6281234567890
[2026-01-13 20:47:53] [INFO] SIMULATION MODE: admin_alert to 6281234567890
[2026-01-13 20:47:53] [INFO] Message content: 🔔 *BOOKING BARU MASUK!*

📋 *Detail Booking:*
🆔 ID: #6
👤 Customer: Dzaky
📱 Phone: 0281...
[2026-01-13 21:06:28] [INFO] Attempting to send booking_notification to 6228130917203
[2026-01-13 21:06:28] [INFO] SIMULATION MODE: booking_notification to 6228130917203
[2026-01-13 21:06:28] [INFO] Message content: 🎉 *BOOKING CONFIRMED - PIERCEFLOW*

Halo *Dzaky*! 👋

Booking Anda telah berhasil dikonfirmasi:...
[2026-01-13 21:06:28] [INFO] Attempting to send admin_alert to 6281234567890
[2026-01-13 21:06:28] [INFO] SIMULATION MODE: admin_alert to 6281234567890
[2026-01-13 21:06:28] [INFO] Message content: 🔔 *BOOKING BARU MASUK!*

📋 *Detail Booking:*
🆔 ID: #7
👤 Customer: Dzaky
📱 Phone: 0281...
[2026-01-13 21:56:20] [INFO] Attempting to send booking_notification to 6228130917203
[2026-01-13 21:56:20] [INFO] SIMULATION MODE: booking_notification to 6228130917203
[2026-01-13 21:56:20] [INFO] Message content: 🎉 *BOOKING CONFIRMED - PIERCEFLOW*

Halo *Dzaky*! 👋

Booking Anda telah berhasil dikonfirmasi:...
[2026-01-13 21:56:20] [INFO] Attempting to send admin_alert to 6281234567890
[2026-01-13 21:56:20] [INFO] SIMULATION MODE: admin_alert to 6281234567890
[2026-01-13 21:56:20] [INFO] Message content: 🔔 *BOOKING BARU MASUK!*

📋 *Detail Booking:*
🆔 ID: #8
👤 Customer: Dzaky
📱 Phone: 0281...
